#
# There is insufficient memory for the Java Runtime Environment to continue.
# Native memory allocation (mmap) failed to map 85458944 bytes for committing reserved memory.
# Possible reasons:
#   The system is out of physical RAM or swap space
#   The process is running with CompressedOops enabled, and the Java Heap may be blocking the growth of the native heap
# Possible solutions:
#   Reduce memory load on the system
#   Increase physical memory or swap space
#   Check if swap backing store is full
#   Decrease Java heap size (-Xmx/-Xms)
#   Decrease number of Java threads
#   Decrease Java thread stack sizes (-Xss)
#   Set larger code cache with -XX:ReservedCodeCacheSize=
# This output file may be truncated or incomplete.
#
#  Out of Memory Error (os_linux.cpp:2753), pid=6740, tid=0x00007f805a719700
#
# JRE version:  (8.0_202) (build )
# Java VM: OpenJDK 64-Bit Server VM (25.202-b49-5587405 mixed mode linux-amd64 compressed oops)
# Failed to write core dump. Core dumps have been disabled. To enable core dumping, try "ulimit -c unlimited" before starting Java again
#

---------------  T H R E A D  ---------------

Current thread (0x00007f8054010000):  JavaThread "Unknown thread" [_thread_in_vm, id=6741, stack(0x00007f805a61a000,0x00007f805a71a000)]

Stack: [0x00007f805a61a000,0x00007f805a71a000],  sp=0x00007f805a718630,  free space=1017k
Native frames: (J=compiled Java code, j=interpreted, Vv=VM code, C=native code)
V  [libjvm.so+0xa08b78]  VMError::report_and_die()+0x148
V  [libjvm.so+0x4d412a]  report_vm_out_of_memory(char const*, int, unsigned long, VMErrorType, char const*)+0x8a
V  [libjvm.so+0x870478]  os::pd_commit_memory(char*, unsigned long, unsigned long, bool)+0xd8
V  [libjvm.so+0x867f9f]  os::commit_memory(char*, unsigned long, unsigned long, bool)+0x1f
V  [libjvm.so+0x8e14eb]  PSVirtualSpace::expand_by(unsigned long)+0x5b
V  [libjvm.so+0x8d34e8]  PSOldGen::initialize(ReservedSpace, unsigned long, char const*, int)+0xa8
V  [libjvm.so+0x2dbae3]  AdjoiningGenerations::AdjoiningGenerations(ReservedSpace, GenerationSizer*, unsigned long)+0x353
V  [libjvm.so+0x893e91]  ParallelScavengeHeap::initialize()+0x211
V  [libjvm.so+0x9d4279]  Universe::initialize_heap()+0x189
V  [libjvm.so+0x9d4473]  universe_init()+0x33
V  [libjvm.so+0x5fcd95]  init_globals()+0x55
V  [libjvm.so+0x9b7a74]  Threads::create_vm(JavaVMInitArgs*, bool*)+0x274
V  [libjvm.so+0x669d5e]  JNI_CreateJavaVM+0x4e
C  [libjli.so+0x76f8]  JavaMain+0x88
C  [libpthread.so.0+0x76db]  start_thread+0xdb


---------------  P R O C E S S  ---------------

Java Threads: ( => current thread )

Other Threads:

=>0x00007f8054010000 (exited) JavaThread "Unknown thread" [_thread_in_vm, id=6741, stack(0x00007f805a61a000,0x00007f805a71a000)]

VM state:not at safepoint (not fully initialized)

VM Mutex/Monitor currently owned by a thread: None

heap address: 0x0000000087400000, size: 1932 MB, Compressed Oops mode: Non-zero based:0x00000000873ff000
Narrow klass base: 0x0000000000000000, Narrow klass shift: 0

GC Heap History (0 events):
No events

Deoptimization events (0 events):
No events

Classes redefined (0 events):
No events

Internal exceptions (0 events):
No events

Events (0 events):
No events


Dynamic libraries:
00400000-00401000 r-xp 00000000 103:02 12453678                          /home/patrick/programs/android-studio/jre/bin/java
00401000-00402000 rw-p 00000000 103:02 12453678                          /home/patrick/programs/android-studio/jre/bin/java
0106c000-0108d000 rw-p 00000000 00:00 0                                  [heap]
8c580000-d7c00000 ---p 00000000 00:00 0 
d7c00000-da480000 rw-p 00000000 00:00 0 
da480000-100000000 ---p 00000000 00:00 0 
7f80446ec000-7f8044879000 rw-p 00000000 00:00 0 
7f8044879000-7f8044afd000 ---p 00000000 00:00 0 
7f8044afd000-7f8044b12000 rw-p 00000000 00:00 0 
7f8044b12000-7f8044c3f000 ---p 00000000 00:00 0 
7f8044c3f000-7f8044c4a000 rw-p 00000000 00:00 0 
7f8044c4a000-7f8045000000 ---p 00000000 00:00 0 
7f8045000000-7f8045270000 rwxp 00000000 00:00 0 
7f8045270000-7f8054000000 ---p 00000000 00:00 0 
7f8054000000-7f805403c000 rw-p 00000000 00:00 0 
7f805403c000-7f8058000000 ---p 00000000 00:00 0 
7f80580c3000-7f80581f1000 rw-p 00000000 00:00 0 
7f80581f1000-7f80581fc000 r-xp 00000000 103:02 14947477                  /lib/x86_64-linux-gnu/libnss_files-2.27.so
7f80581fc000-7f80583fb000 ---p 0000b000 103:02 14947477                  /lib/x86_64-linux-gnu/libnss_files-2.27.so
7f80583fb000-7f80583fc000 r--p 0000a000 103:02 14947477                  /lib/x86_64-linux-gnu/libnss_files-2.27.so
7f80583fc000-7f80583fd000 rw-p 0000b000 103:02 14947477                  /lib/x86_64-linux-gnu/libnss_files-2.27.so
7f80583fd000-7f8058403000 rw-p 00000000 00:00 0 
7f8058403000-7f805841a000 r-xp 00000000 103:02 14947471                  /lib/x86_64-linux-gnu/libnsl-2.27.so
7f805841a000-7f8058619000 ---p 00017000 103:02 14947471                  /lib/x86_64-linux-gnu/libnsl-2.27.so
7f8058619000-7f805861a000 r--p 00016000 103:02 14947471                  /lib/x86_64-linux-gnu/libnsl-2.27.so
7f805861a000-7f805861b000 rw-p 00017000 103:02 14947471                  /lib/x86_64-linux-gnu/libnsl-2.27.so
7f805861b000-7f805861d000 rw-p 00000000 00:00 0 
7f805861d000-7f8058628000 r-xp 00000000 103:02 14947488                  /lib/x86_64-linux-gnu/libnss_nis-2.27.so
7f8058628000-7f8058827000 ---p 0000b000 103:02 14947488                  /lib/x86_64-linux-gnu/libnss_nis-2.27.so
7f8058827000-7f8058828000 r--p 0000a000 103:02 14947488                  /lib/x86_64-linux-gnu/libnss_nis-2.27.so
7f8058828000-7f8058829000 rw-p 0000b000 103:02 14947488                  /lib/x86_64-linux-gnu/libnss_nis-2.27.so
7f8058829000-7f8058831000 r-xp 00000000 103:02 14947473                  /lib/x86_64-linux-gnu/libnss_compat-2.27.so
7f8058831000-7f8058a31000 ---p 00008000 103:02 14947473                  /lib/x86_64-linux-gnu/libnss_compat-2.27.so
7f8058a31000-7f8058a32000 r--p 00008000 103:02 14947473                  /lib/x86_64-linux-gnu/libnss_compat-2.27.so
7f8058a32000-7f8058a33000 rw-p 00009000 103:02 14947473                  /lib/x86_64-linux-gnu/libnss_compat-2.27.so
7f8058a33000-7f8058a3a000 r-xp 00000000 103:02 14947528                  /lib/x86_64-linux-gnu/librt-2.27.so
7f8058a3a000-7f8058c39000 ---p 00007000 103:02 14947528                  /lib/x86_64-linux-gnu/librt-2.27.so
7f8058c39000-7f8058c3a000 r--p 00006000 103:02 14947528                  /lib/x86_64-linux-gnu/librt-2.27.so
7f8058c3a000-7f8058c3b000 rw-p 00007000 103:02 14947528                  /lib/x86_64-linux-gnu/librt-2.27.so
7f8058c3b000-7f8058dd8000 r-xp 00000000 103:02 14947450                  /lib/x86_64-linux-gnu/libm-2.27.so
7f8058dd8000-7f8058fd7000 ---p 0019d000 103:02 14947450                  /lib/x86_64-linux-gnu/libm-2.27.so
7f8058fd7000-7f8058fd8000 r--p 0019c000 103:02 14947450                  /lib/x86_64-linux-gnu/libm-2.27.so
7f8058fd8000-7f8058fd9000 rw-p 0019d000 103:02 14947450                  /lib/x86_64-linux-gnu/libm-2.27.so
7f8058fd9000-7f8059bff000 r-xp 00000000 103:02 12453785                  /home/patrick/programs/android-studio/jre/jre/lib/amd64/server/libjvm.so
7f8059bff000-7f8059ccf000 rw-p 00c26000 103:02 12453785                  /home/patrick/programs/android-studio/jre/jre/lib/amd64/server/libjvm.so
7f8059ccf000-7f8059d13000 rw-p 00000000 00:00 0 
7f8059d13000-7f8059efa000 r-xp 00000000 103:02 14947387                  /lib/x86_64-linux-gnu/libc-2.27.so
7f8059efa000-7f805a0fa000 ---p 001e7000 103:02 14947387                  /lib/x86_64-linux-gnu/libc-2.27.so
7f805a0fa000-7f805a0fe000 r--p 001e7000 103:02 14947387                  /lib/x86_64-linux-gnu/libc-2.27.so
7f805a0fe000-7f805a100000 rw-p 001eb000 103:02 14947387                  /lib/x86_64-linux-gnu/libc-2.27.so
7f805a100000-7f805a104000 rw-p 00000000 00:00 0 
7f805a104000-7f805a107000 r-xp 00000000 103:02 14947410                  /lib/x86_64-linux-gnu/libdl-2.27.so
7f805a107000-7f805a306000 ---p 00003000 103:02 14947410                  /lib/x86_64-linux-gnu/libdl-2.27.so
7f805a306000-7f805a307000 r--p 00002000 103:02 14947410                  /lib/x86_64-linux-gnu/libdl-2.27.so
7f805a307000-7f805a308000 rw-p 00003000 103:02 14947410                  /lib/x86_64-linux-gnu/libdl-2.27.so
7f805a308000-7f805a322000 r-xp 00000000 103:02 14947520                  /lib/x86_64-linux-gnu/libpthread-2.27.so
7f805a322000-7f805a521000 ---p 0001a000 103:02 14947520                  /lib/x86_64-linux-gnu/libpthread-2.27.so
7f805a521000-7f805a522000 r--p 00019000 103:02 14947520                  /lib/x86_64-linux-gnu/libpthread-2.27.so
7f805a522000-7f805a523000 rw-p 0001a000 103:02 14947520                  /lib/x86_64-linux-gnu/libpthread-2.27.so
7f805a523000-7f805a527000 rw-p 00000000 00:00 0 
7f805a527000-7f805a54e000 r-xp 00000000 103:02 14947359                  /lib/x86_64-linux-gnu/ld-2.27.so
7f805a5c6000-7f805a5e1000 r-xp 00000000 103:02 12453767                  /home/patrick/programs/android-studio/jre/jre/lib/amd64/libzip.so
7f805a5e1000-7f805a5e2000 rw-p 0001a000 103:02 12453767                  /home/patrick/programs/android-studio/jre/jre/lib/amd64/libzip.so
7f805a5e2000-7f805a5ec000 r-xp 00000000 103:02 12453759                  /home/patrick/programs/android-studio/jre/jre/lib/amd64/libinstrument.so
7f805a5ec000-7f805a5ed000 rw-p 00009000 103:02 12453759                  /home/patrick/programs/android-studio/jre/jre/lib/amd64/libinstrument.so
7f805a5ed000-7f805a617000 r-xp 00000000 103:02 12453775                  /home/patrick/programs/android-studio/jre/jre/lib/amd64/libjava.so
7f805a617000-7f805a619000 rw-p 0002a000 103:02 12453775                  /home/patrick/programs/android-studio/jre/jre/lib/amd64/libjava.so
7f805a619000-7f805a61a000 ---p 00000000 00:00 0 
7f805a61a000-7f805a61d000 ---p 00000000 00:00 0 
7f805a61d000-7f805a71c000 rw-p 00000000 00:00 0 
7f805a71c000-7f805a732000 r-xp 00000000 103:02 12453666                  /home/patrick/programs/android-studio/jre/lib/amd64/jli/libjli.so
7f805a732000-7f805a733000 rw-p 00015000 103:02 12453666                  /home/patrick/programs/android-studio/jre/lib/amd64/jli/libjli.so
7f805a733000-7f805a735000 rw-p 00000000 00:00 0 
7f805a735000-7f805a73d000 rw-s 00000000 103:02 4328172                   /tmp/hsperfdata_patrick/6740
7f805a73d000-7f805a73e000 rw-p 00000000 00:00 0 
7f805a73e000-7f805a73f000 r--p 00000000 00:00 0 
7f805a73f000-7f805a74c000 r-xp 00000000 103:02 12453763                  /home/patrick/programs/android-studio/jre/jre/lib/amd64/libverify.so
7f805a74c000-7f805a74e000 rw-p 0000c000 103:02 12453763                  /home/patrick/programs/android-studio/jre/jre/lib/amd64/libverify.so
7f805a74e000-7f805a74f000 r--p 00027000 103:02 14947359                  /lib/x86_64-linux-gnu/ld-2.27.so
7f805a74f000-7f805a750000 rw-p 00028000 103:02 14947359                  /lib/x86_64-linux-gnu/ld-2.27.so
7f805a750000-7f805a751000 rw-p 00000000 00:00 0 
7ffdbfa2b000-7ffdbfa4e000 rw-p 00000000 00:00 0                          [stack]
7ffdbfa7b000-7ffdbfa7e000 r--p 00000000 00:00 0                          [vvar]
7ffdbfa7e000-7ffdbfa7f000 r-xp 00000000 00:00 0                          [vdso]
ffffffffff600000-ffffffffff601000 r-xp 00000000 00:00 0                  [vsyscall]

VM Arguments:
jvm_args: -javaagent:/home/patrick/programs/android-studio/lib/idea_rt.jar=46675:/home/patrick/programs/android-studio/bin -Dfile.encoding=UTF-8 
java_command: com.example.nepalappgroupb2.Domain.DataFromSheets
java_class_path (initial): /home/patrick/Android/Sdk/platforms/android-29/android.jar:/home/patrick/Android/Sdk/platforms/android-29/data/res:/home/patrick/Desktop/NepalAppGroupB2/app/build/intermediates/javac/debug/classes:/home/patrick/Desktop/NepalAppGroupB2/app/build/tmp/kotlin-classes/debug:/home/patrick/Desktop/NepalAppGroupB2/app/build/generated/res/resValues/debug:/home/patrick/.gradle/caches/modules-2/files-2.1/androidx.collection/collection/1.0.0/42858b26cafdaa69b6149f45dfc2894007bc2c7a/collection-1.0.0.jar:/home/patrick/.gradle/caches/modules-2/files-2.1/androidx.arch.core/core-common/2.1.0/b3152fc64428c9354344bd89848ecddc09b6f07e/core-common-2.1.0.jar:/home/patrick/.gradle/caches/modules-2/files-2.1/androidx.lifecycle/lifecycle-common/2.1.0/c67e7807d9cd6c329b9d0218b2ec4e505dd340b7/lifecycle-common-2.1.0.jar:/home/patrick/.gradle/caches/modules-2/files-2.1/androidx.annotation/annotation/1.1.0/e3a6fb2f40e3a3842e6b7472628ba4ce416ea4c8/annotation-1.1.0.jar:/home/patrick/.gradle/caches/modules-2/files-2.1/androidx.constraintlayout/constraintlayout-solver/1.1.3/54abe9ffb22cc9019b0b6fcc10f185cc4e67b34e/constraintlayout-solver-1.1.3.jar:/home/patrick/.gradle/caches/modules-2/files-2.1/org.jetbrains.kotlin/kotlin-stdlib-jdk7/1.3.60/a42a01c0338795930e0a7d8f9d19acafdd1c50ee/kotlin-stdlib-jdk7-1.3.60.jar:/home/patrick/.gradle/caches/modules-2/files-2.1/org.jetbrains.kotlinx/kotlinx-coroutines-android/1.1.1/4e0f12f3ae5dd2d50741ad523b0970dc5b8ed783/kotlinx-coroutines-android-1.1.1.jar:/home/patrick/.gradle/caches/modules-2/files-2.1/org.jetbrains.kotlinx/kotlinx-coroutines-core/1.1.1/3d2b7321cdef9ebf9cb7729ea4f75a6f6457df86/kotlinx-coroutines-core-1.1.1.jar:/home/patrick/.gradle/caches/modules-2/files-2.1/org.jetbrains.kotlin/kotlin-stdlib/1.3.60/984644b61450add3bcef8cf20f948fec458b420d/kotlin-stdlib-1.3.60.jar:/home/patrick/.gradle/caches/modules-2/files-2.1/org.jetbrains.kotlinx/kotlinx-coroutines-core-common/1.1.1/7ed04382bdf0c89c5d87ac462aa4935ae8e85243/kotlinx-
Launcher Type: SUN_STANDARD

Environment Variables:
PATH=/usr/local/sbin:/usr/local/bin:/usr/sbin:/usr/bin:/sbin:/bin:/usr/games:/usr/local/games:/snap/bin
USERNAME=patrick
SHELL=/bin/bash
DISPLAY=:0

Signal Handlers:
SIGSEGV: [libjvm.so+0xa09650], sa_mask[0]=11111111011111111101111111111110, sa_flags=SA_RESTART|SA_SIGINFO
SIGBUS: [libjvm.so+0xa09650], sa_mask[0]=11111111011111111101111111111110, sa_flags=SA_RESTART|SA_SIGINFO
SIGFPE: [libjvm.so+0x86bc60], sa_mask[0]=11111111011111111101111111111110, sa_flags=SA_RESTART|SA_SIGINFO
SIGPIPE: [libjvm.so+0x86bc60], sa_mask[0]=11111111011111111101111111111110, sa_flags=SA_RESTART|SA_SIGINFO
SIGXFSZ: [libjvm.so+0x86bc60], sa_mask[0]=11111111011111111101111111111110, sa_flags=SA_RESTART|SA_SIGINFO
SIGILL: [libjvm.so+0x86bc60], sa_mask[0]=11111111011111111101111111111110, sa_flags=SA_RESTART|SA_SIGINFO
SIGUSR1: SIG_DFL, sa_mask[0]=00000000000000000000000000000000, sa_flags=none
SIGUSR2: [libjvm.so+0x86bb30], sa_mask[0]=00100000000000000000000000000000, sa_flags=SA_RESTART|SA_SIGINFO
SIGHUP: SIG_DFL, sa_mask[0]=00000000000000000000000000000000, sa_flags=none
SIGINT: SIG_DFL, sa_mask[0]=00000000000000000000000000000000, sa_flags=none
SIGTERM: SIG_DFL, sa_mask[0]=00000000000000000000000000000000, sa_flags=none
SIGQUIT: SIG_DFL, sa_mask[0]=00000000000000000000000000000000, sa_flags=none


---------------  S Y S T E M  ---------------

OS:DISTRIB_ID=Ubuntu
DISTRIB_RELEASE=18.04
DISTRIB_CODENAME=bionic
DISTRIB_DESCRIPTION="Ubuntu 18.04.3 LTS"

uname:Linux 5.0.0-37-generic #40~18.04.1-Ubuntu SMP Thu Nov 14 12:06:39 UTC 2019 x86_64
libc:glibc 2.27 NPTL 2.27 
rlimit: STACK 8192k, CORE 0k, NPROC 30708, NOFILE 1048576, AS infinity
load average:0.79 1.09 1.36

/proc/meminfo:
MemTotal:        7909728 kB
MemFree:          126240 kB
MemAvailable:      32792 kB
Buffers:            4124 kB
Cached:           905972 kB
SwapCached:         1696 kB
Active:          6566752 kB
Inactive:         835744 kB
Active(anon):    6549492 kB
Inactive(anon):   818372 kB
Active(file):      17260 kB
Inactive(file):    17372 kB
Unevictable:        1524 kB
Mlocked:              80 kB
SwapTotal:       2097148 kB
SwapFree:              4 kB
Dirty:               840 kB
Writeback:             0 kB
AnonPages:       6494132 kB
Mapped:            43928 kB
Shmem:            874224 kB
KReclaimable:      60700 kB
Slab:             151464 kB
SReclaimable:      60700 kB
SUnreclaim:        90764 kB
KernelStack:       21152 kB
PageTables:       101084 kB
NFS_Unstable:          0 kB
Bounce:                0 kB
WritebackTmp:          0 kB
CommitLimit:     6052012 kB
Committed_AS:   19660648 kB
VmallocTotal:   34359738367 kB
VmallocUsed:           0 kB
VmallocChunk:          0 kB
Percpu:             2432 kB
HardwareCorrupted:     0 kB
AnonHugePages:         0 kB
ShmemHugePages:        0 kB
ShmemPmdMapped:        0 kB
CmaTotal:              0 kB
CmaFree:               0 kB
HugePages_Total:       0
HugePages_Free:        0
HugePages_Rsvd:        0
HugePages_Surp:        0
Hugepagesize:       2048 kB
Hugetlb:               0 kB
DirectMap4k:      396916 kB
DirectMap2M:     7735296 kB
DirectMap1G:     1048576 kB

container (cgroup) information:
container_type: cgroupv1
cpu_cpuset_cpus: 0-7
cpu_memory_nodes: 0
active_processor_count: 8
cpu_quota: -1
cpu_period: 100000
cpu_shares: -1
memory_limit_in_bytes: -1
memory_and_swap_limit_in_bytes: -2
memory_soft_limit_in_bytes: -1
memory_usage_in_bytes: 7583260672
memory_max_usage_in_bytes: 2434818048


CPU:total 8 (initial active 8) (4 cores per cpu, 2 threads per core) family 6 model 142 stepping 10, cmov, cx8, fxsr, mmx, sse, sse2, sse3, ssse3, sse4.1, sse4.2, popcnt, avx, avx2, aes, clmul, erms, 3dnowpref, lzcnt, ht, tsc, tscinvbit, bmi1, bmi2, adx

/proc/cpuinfo:
processor	: 0
vendor_id	: GenuineIntel
cpu family	: 6
model		: 142
model name	: Intel(R) Core(TM) i5-8250U CPU @ 1.60GHz
stepping	: 10
microcode	: 0xca
cpu MHz		: 2590.982
cache size	: 6144 KB
physical id	: 0
siblings	: 8
core id		: 0
cpu cores	: 4
apicid		: 0
initial apicid	: 0
fpu		: yes
fpu_exception	: yes
cpuid level	: 22
wp		: yes
flags		: fpu vme de pse tsc msr pae mce cx8 apic sep mtrr pge mca cmov pat pse36 clflush dts acpi mmx fxsr sse sse2 ss ht tm pbe syscall nx pdpe1gb rdtscp lm constant_tsc art arch_perfmon pebs bts rep_good nopl xtopology nonstop_tsc cpuid aperfmperf tsc_known_freq pni pclmulqdq dtes64 monitor ds_cpl vmx est tm2 ssse3 sdbg fma cx16 xtpr pdcm pcid sse4_1 sse4_2 x2apic movbe popcnt tsc_deadline_timer aes xsave avx f16c rdrand lahf_lm abm 3dnowprefetch cpuid_fault epb invpcid_single pti ssbd ibrs ibpb stibp tpr_shadow vnmi flexpriority ept vpid ept_ad fsgsbase tsc_adjust bmi1 avx2 smep bmi2 erms invpcid mpx rdseed adx smap clflushopt intel_pt xsaveopt xsavec xgetbv1 xsaves dtherm ida arat pln pts hwp hwp_notify hwp_act_window hwp_epp md_clear flush_l1d
bugs		: cpu_meltdown spectre_v1 spectre_v2 spec_store_bypass l1tf mds swapgs itlb_multihit
bogomips	: 3600.00
clflush size	: 64
cache_alignment	: 64
address sizes	: 39 bits physical, 48 bits virtual
power management:

processor	: 1
vendor_id	: GenuineIntel
cpu family	: 6
model		: 142
model name	: Intel(R) Core(TM) i5-8250U CPU @ 1.60GHz
stepping	: 10
microcode	: 0xca
cpu MHz		: 2608.905
cache size	: 6144 KB
physical id	: 0
siblings	: 8
core id		: 1
cpu cores	: 4
apicid		: 2
initial apicid	: 2
fpu		: yes
fpu_exception	: yes
cpuid level	: 22
wp		: yes
flags		: fpu vme de pse tsc msr pae mce cx8 apic sep mtrr pge mca cmov pat pse36 clflush dts acpi mmx fxsr sse sse2 ss ht tm pbe syscall nx pdpe1gb rdtscp lm constant_tsc art arch_perfmon pebs bts rep_good nopl xtopology nonstop_tsc cpuid aperfmperf tsc_known_freq pni pclmulqdq dtes64 monitor ds_cpl vmx est tm2 ssse3 sdbg fma cx16 xtpr pdcm pcid sse4_1 sse4_2 x2apic movbe popcnt tsc_deadline_timer aes xsave avx f16c rdrand lahf_lm abm 3dnowprefetch cpuid_fault epb invpcid_single pti ssbd ibrs ibpb stibp tpr_shadow vnmi flexpriority ept vpid ept_ad fsgsbase tsc_adjust bmi1 avx2 smep bmi2 erms invpcid mpx rdseed adx smap clflushopt intel_pt xsaveopt xsavec xgetbv1 xsaves dtherm ida arat pln pts hwp hwp_notify hwp_act_window hwp_epp md_clear flush_l1d
bugs		: cpu_meltdown spectre_v1 spectre_v2 spec_store_bypass l1tf mds swapgs itlb_multihit
bogomips	: 3600.00
clflush size	: 64
cache_alignment	: 64
address sizes	: 39 bits physical, 48 bits virtual
power management:

processor	: 2
vendor_id	: GenuineIntel
cpu family	: 6
model		: 142
model name	: Intel(R) Core(TM) i5-8250U CPU @ 1.60GHz
stepping	: 10
microcode	: 0xca
cpu MHz		: 2601.125
cache size	: 6144 KB
physical id	: 0
siblings	: 8
core id		: 2
cpu cores	: 4
apicid		: 4
initial apicid	: 4
fpu		: yes
fpu_exception	: yes
cpuid level	: 22
wp		: yes
flags		: fpu vme de pse tsc msr pae mce cx8 apic sep mtrr pge mca cmov pat pse36 clflush dts acpi mmx fxsr sse sse2 ss ht tm pbe syscall nx pdpe1gb rdtscp lm constant_tsc art arch_perfmon pebs bts rep_good nopl xtopology nonstop_tsc cpuid aperfmperf tsc_known_freq pni pclmulqdq dtes64 monitor ds_cpl vmx est tm2 ssse3 sdbg fma cx16 xtpr pdcm pcid sse4_1 sse4_2 x2apic movbe popcnt tsc_deadline_timer aes xsave avx f16c rdrand lahf_lm abm 3dnowprefetch cpuid_fault epb invpcid_single pti ssbd ibrs ibpb stibp tpr_shadow vnmi flexpriority ept vpid ept_ad fsgsbase tsc_adjust bmi1 avx2 smep bmi2 erms invpcid mpx rdseed adx smap clflushopt intel_pt xsaveopt xsavec xgetbv1 xsaves dtherm ida arat pln pts hwp hwp_notify hwp_act_window hwp_epp md_clear flush_l1d
bugs		: cpu_meltdown spectre_v1 spectre_v2 spec_store_bypass l1tf mds swapgs itlb_multihit
bogomips	: 3600.00
clflush size	: 64
cache_alignment	: 64
address sizes	: 39 bits physical, 48 bits virtual
power management:

processor	: 3
vendor_id	: GenuineIntel
cpu family	: 6
model		: 142
model name	: Intel(R) Core(TM) i5-8250U CPU @ 1.60GHz
stepping	: 10
microcode	: 0xca
cpu MHz		: 2622.403
cache size	: 6144 KB
physical id	: 0
siblings	: 8
core id		: 3
cpu cores	: 4
apicid		: 6
initial apicid	: 6
fpu		: yes
fpu_exception	: yes
cpuid level	: 22
wp		: yes
flags		: fpu vme de pse tsc msr pae mce cx8 apic sep mtrr pge mca cmov pat pse36 clflush dts acpi mmx fxsr sse sse2 ss ht tm pbe syscall nx pdpe1gb rdtscp lm constant_tsc art arch_perfmon pebs bts rep_good nopl xtopology nonstop_tsc cpuid aperfmperf tsc_known_freq pni pclmulqdq dtes64 monitor ds_cpl vmx est tm2 ssse3 sdbg fma cx16 xtpr pdcm pcid sse4_1 sse4_2 x2apic movbe popcnt tsc_deadline_timer aes xsave avx f16c rdrand lahf_lm abm 3dnowprefetch cpuid_fault epb invpcid_single pti ssbd ibrs ibpb stibp tpr_shadow vnmi flexpriority ept vpid ept_ad fsgsbase tsc_adjust bmi1 avx2 smep bmi2 erms invpcid mpx rdseed adx smap clflushopt intel_pt xsaveopt xsavec xgetbv1 xsaves dtherm ida arat pln pts hwp hwp_notify hwp_act_window hwp_epp md_clear flush_l1d
bugs		: cpu_meltdown spectre_v1 spectre_v2 spec_store_bypass l1tf mds swapgs itlb_multihit
bogomips	: 3600.00
clflush size	: 64
cache_alignment	: 64
address sizes	: 39 bits physical, 48 bits virtual
power management:

processor	: 4
vendor_id	: GenuineIntel
cpu family	: 6
model		: 142
model name	: Intel(R) Core(TM) i5-8250U CPU @ 1.60GHz
stepping	: 10
microcode	: 0xca
cpu MHz		: 2668.319
cache size	: 6144 KB
physical id	: 0
siblings	: 8
core id		: 0
cpu cores	: 4
apicid		: 1
initial apicid	: 1
fpu		: yes
fpu_exception	: yes
cpuid level	: 22
wp		: yes
flags		: fpu vme de pse tsc msr pae mce cx8 apic sep mtrr pge mca cmov pat pse36 clflush dts acpi mmx fxsr sse sse2 ss ht tm pbe syscall nx pdpe1gb rdtscp lm constant_tsc art arch_perfmon pebs bts rep_good nopl xtopology nonstop_tsc cpuid aperfmperf tsc_known_freq pni pclmulqdq dtes64 monitor ds_cpl vmx est tm2 ssse3 sdbg fma cx16 xtpr pdcm pcid sse4_1 sse4_2 x2apic movbe popcnt tsc_deadline_timer aes xsave avx f16c rdrand lahf_lm abm 3dnowprefetch cpuid_fault epb invpcid_single pti ssbd ibrs ibpb stibp tpr_shadow vnmi flexpriority ept vpid ept_ad fsgsbase tsc_adjust bmi1 avx2 smep bmi2 erms invpcid mpx rdseed adx smap clflushopt intel_pt xsaveopt xsavec xgetbv1 xsaves dtherm ida arat pln pts hwp hwp_notify hwp_act_window hwp_epp md_clear flush_l1d
bugs		: cpu_meltdown spectre_v1 spectre_v2 spec_store_bypass l1tf mds swapgs itlb_multihit
bogomips	: 3600.00
clflush size	: 64
cache_alignment	: 64
address sizes	: 39 bits physical, 48 bits virtual
power management:

processor	: 5
vendor_id	: GenuineIntel
cpu family	: 6
model		: 142
model name	: Intel(R) Core(TM) i5-8250U CPU @ 1.60GHz
stepping	: 10
microcode	: 0xca
cpu MHz		: 2592.728
cache size	: 6144 KB
physical id	: 0
siblings	: 8
core id		: 1
cpu cores	: 4
apicid		: 3
initial apicid	: 3
fpu		: yes
fpu_exception	: yes
cpuid level	: 22
wp		: yes
flags		: fpu vme de pse tsc msr pae mce cx8 apic sep mtrr pge mca cmov pat pse36 clflush dts acpi mmx fxsr sse sse2 ss ht tm pbe syscall nx pdpe1gb rdtscp lm constant_tsc art arch_perfmon pebs bts rep_good nopl xtopology nonstop_tsc cpuid aperfmperf tsc_known_freq pni pclmulqdq dtes64 monitor ds_cpl vmx est tm2 ssse3 sdbg fma cx16 xtpr pdcm pcid sse4_1 sse4_2 x2apic movbe popcnt tsc_deadline_timer aes xsave avx f16c rdrand lahf_lm abm 3dnowprefetch cpuid_fault epb invpcid_single pti ssbd ibrs ibpb stibp tpr_shadow vnmi flexpriority ept vpid ept_ad fsgsbase tsc_adjust bmi1 avx2 smep bmi2 erms invpcid mpx rdseed adx smap clflushopt intel_pt xsaveopt xsavec xgetbv1 xsaves dtherm ida arat pln pts hwp hwp_notify hwp_act_window hwp_epp md_clear flush_l1d
bugs		: cpu_meltdown spectre_v1 spectre_v2 spec_store_bypass l1tf mds swapgs itlb_multihit
bogomips	: 3600.00
clflush size	: 64
cache_alignment	: 64
address sizes	: 39 bits physical, 48 bits virtual
power management:

processor	: 6
vendor_id	: GenuineIntel
cpu family	: 6
model		: 142
model name	: Intel(R) Core(TM) i5-8250U CPU @ 1.60GHz
stepping	: 10
microcode	: 0xca
cpu MHz		: 2664.166
cache size	: 6144 KB
physical id	: 0
siblings	: 8
core id		: 2
cpu cores	: 4
apicid		: 5
initial apicid	: 5
fpu		: yes
fpu_exception	: yes
cpuid level	: 22
wp		: yes
flags		: fpu vme de pse tsc msr pae mce cx8 apic sep mtrr pge mca cmov pat pse36 clflush dts acpi mmx fxsr sse sse2 ss ht tm pbe syscall nx pdpe1gb rdtscp lm constant_tsc art arch_perfmon pebs bts rep_good nopl xtopology nonstop_tsc cpuid aperfmperf tsc_known_freq pni pclmulqdq dtes64 monitor ds_cpl vmx est tm2 ssse3 sdbg fma cx16 xtpr pdcm pcid sse4_1 sse4_2 x2apic movbe popcnt tsc_deadline_timer aes xsave avx f16c rdrand lahf_lm abm 3dnowprefetch cpuid_fault epb invpcid_single pti ssbd ibrs ibpb stibp tpr_shadow vnmi flexpriority ept vpid ept_ad fsgsbase tsc_adjust bmi1 avx2 smep bmi2 erms invpcid mpx rdseed adx smap clflushopt intel_pt xsaveopt xsavec xgetbv1 xsaves dtherm ida arat pln pts hwp hwp_notify hwp_act_window hwp_epp md_clear flush_l1d
bugs		: cpu_meltdown spectre_v1 spectre_v2 spec_store_bypass l1tf mds swapgs itlb_multihit
bogomips	: 3600.00
clflush size	: 64
cache_alignment	: 64
address sizes	: 39 bits physical, 48 bits virtual
power management:

processor	: 7
vendor_id	: GenuineIntel
cpu family	: 6
model		: 142
model name	: Intel(R) Core(TM) i5-8250U CPU @ 1.60GHz
stepping	: 10
microcode	: 0xca
cpu MHz		: 2651.717
cache size	: 6144 KB
physical id	: 0
siblings	: 8
core id		: 3
cpu cores	: 4
apicid		: 7
initial apicid	: 7
fpu		: yes
fpu_exception	: yes
cpuid level	: 22
wp		: yes
flags		: fpu vme de pse tsc msr pae mce cx8 apic sep mtrr pge mca cmov pat pse36 clflush dts acpi mmx fxsr sse sse2 ss ht tm pbe syscall nx pdpe1gb rdtscp lm constant_tsc art arch_perfmon pebs bts rep_good nopl xtopology nonstop_tsc cpuid aperfmperf tsc_known_freq pni pclmulqdq dtes64 monitor ds_cpl vmx est tm2 ssse3 sdbg fma cx16 xtpr pdcm pcid sse4_1 sse4_2 x2apic movbe popcnt tsc_deadline_timer aes xsave avx f16c rdrand lahf_lm abm 3dnowprefetch cpuid_fault epb invpcid_single pti ssbd ibrs ibpb stibp tpr_shadow vnmi flexpriority ept vpid ept_ad fsgsbase tsc_adjust bmi1 avx2 smep bmi2 erms invpcid mpx rdseed adx smap clflushopt intel_pt xsaveopt xsavec xgetbv1 xsaves dtherm ida arat pln pts hwp hwp_notify hwp_act_window hwp_epp md_clear flush_l1d
bugs		: cpu_meltdown spectre_v1 spectre_v2 spec_store_bypass l1tf mds swapgs itlb_multihit
bogomips	: 3600.00
clflush size	: 64
cache_alignment	: 64
address sizes	: 39 bits physical, 48 bits virtual
power management:



Memory: 4k page, physical 7909728k(121608k free), swap 2097148k(0k free)

vm_info: OpenJDK 64-Bit Server VM (25.202-b49-5587405) for linux-amd64 JRE (1.8.0_202-release-1483-b49-5587405), built by "android-build" with gcc 4.8

time: Mon Jan 13 10:41:38 2020
timezone: CET
elapsed time: 0 seconds (0d 0h 0m 0s)

